[0.024s] Invoking command in '/home/karch/ws/hunter20_ws/build/hunter_base': CMAKE_PREFIX_PATH=/opt/ros/humble:/home/karch/ws/hunter20_ws/install/ugv_sdk:/home/karch/ws/hunter20_ws/install/hunter_msgs:/home/karch/ws/hokuyo_ws/install/urg_node:/home/karch/ws/hokuyo_ws/install/urg_node_msgs:/home/karch/ws/hokuyo_ws/install/urg_c:/home/karch/ws/hokuyo_ws/install/tfg_pkg:/home/karch/ws/hokuyo_ws/install/robot_status_publisher:/home/karch/ws/hokuyo_ws/install/keyboard_control:/home/karch/ws/hokuyo_ws/install/coppelia_ros2_pkg:/home/karch/ws/hunter20_ws/install/hunter_base:/home/karch/ws/dev_ws/install/first_pkg LD_LIBRARY_PATH=/home/karch/ws/hunter20_ws/install/hunter_msgs/lib:/home/karch/ws/hokuyo_ws/install/urg_node/lib:/home/karch/ws/hokuyo_ws/install/urg_node_msgs/lib:/home/karch/ws/hokuyo_ws/install/urg_c/lib:/home/karch/ws/hokuyo_ws/install/coppelia_ros2_pkg/lib:/opt/ros/humble/opt/rviz_ogre_vendor/lib:/opt/ros/humble/lib/x86_64-linux-gnu:/opt/ros/humble/lib /usr/bin/cmake --build /home/karch/ws/hunter20_ws/build/hunter_base -- -j16 -l16
[0.098s] [35m[1mConsolidate compiler generated dependencies of target hunter_base_node[0m
[0.141s] [ 50%] [32mBuilding CXX object CMakeFiles/hunter_base_node.dir/src/hunter_base_ros.cpp.o[0m
[0.141s] [ 50%] [32mBuilding CXX object CMakeFiles/hunter_base_node.dir/src/hunter_base_node.cpp.o[0m
[0.142s] [ 75%] [32mBuilding CXX object CMakeFiles/hunter_base_node.dir/src/bicycle_model.cpp.o[0m
[0.496s] In file included from [01m[K/home/karch/ws/hunter20_ws/src/hunter_ros2/hunter_base/include/hunter_base/hunter_messenger.hpp:21[m[K,
[0.496s]                  from [01m[K/home/karch/ws/hunter20_ws/src/hunter_ros2/hunter_base/src/hunter_base_ros.cpp:12[m[K:
[0.496s] [01m[K/opt/ros/humble/include/tf2_geometry_msgs/tf2_geometry_msgs/tf2_geometry_msgs.h:35:2:[m[K [01;35m[Kwarning: [m[K#warning This header is obsolete, please include tf2_geometry_msgs/tf2_geometry_msgs.hpp instead [[01;35m[K]8;;https://gcc.gnu.org/onlinedocs/gcc/Warning-Options.html#index-Wcpp-Wcpp]8;;[m[K]
[0.496s]    35 | #[01;35m[Kwarning[m[K This header is obsolete, please include tf2_geometry_msgs/tf2_geometry_msgs.hpp instead
[0.496s]       |  [01;35m[K^~~~~~~[m[K
[0.600s] In file included from [01m[K/home/karch/ws/hunter20_ws/src/hunter_ros2/hunter_base/ascent/include/ascent/Recorder.h:25[m[K,
[0.600s]                  from [01m[K/home/karch/ws/hunter20_ws/src/hunter_ros2/hunter_base/ascent/include/ascent/Ascent.h:17[m[K,
[0.600s]                  from [01m[K/home/karch/ws/hunter20_ws/src/hunter_ros2/hunter_base/include/hunter_base/bicycle_model.hpp:19[m[K,
[0.600s]                  from [01m[K/home/karch/ws/hunter20_ws/src/hunter_ros2/hunter_base/src/bicycle_model.cpp:10[m[K:
[0.600s] [01m[K/home/karch/ws/hunter20_ws/src/hunter_ros2/hunter_base/ascent/include/ascent/containers/stack.h:54:7:[m[K [01;35m[Kwarning: [m[Ktype qualifiers ignored on function return type [[01;35m[K]8;;https://gcc.gnu.org/onlinedocs/gcc/Warning-Options.html#index-Wignored-qualifiers-Wignored-qualifiers]8;;[m[K]
[0.601s]    54 |       [01;35m[Kconst[m[K pointer operator->() const noexcept
[0.601s]       |       [01;35m[K^~~~~[m[K
[0.601s] [01m[K/home/karch/ws/hunter20_ws/src/hunter_ros2/hunter_base/ascent/include/ascent/containers/stack.h:113:7:[m[K [01;35m[Kwarning: [m[Ktype qualifiers ignored on function return type [[01;35m[K]8;;https://gcc.gnu.org/onlinedocs/gcc/Warning-Options.html#index-Wignored-qualifiers-Wignored-qualifiers]8;;[m[K]
[0.601s]   113 |       [01;35m[Kconst[m[K pointer operator->() const
[0.601s]       |       [01;35m[K^~~~~[m[K
[0.652s] In file included from [01m[K/home/karch/ws/hunter20_ws/src/hunter_ros2/hunter_base/ascent/include/ascent/integrators/RK2.h:17[m[K,
[0.653s]                  from [01m[K/home/karch/ws/hunter20_ws/src/hunter_ros2/hunter_base/ascent/include/ascent/Ascent.h:26[m[K,
[0.653s]                  from [01m[K/home/karch/ws/hunter20_ws/src/hunter_ros2/hunter_base/include/hunter_base/bicycle_model.hpp:19[m[K,
[0.653s]                  from [01m[K/home/karch/ws/hunter20_ws/src/hunter_ros2/hunter_base/src/bicycle_model.cpp:10[m[K:
[0.653s] [01m[K/home/karch/ws/hunter20_ws/src/hunter_ros2/hunter_base/ascent/include/ascent/Utility.h:25:14:[m[K [01;35m[Kwarning: [m[Ktype qualifiers ignored on function return type [[01;35m[K]8;;https://gcc.gnu.org/onlinedocs/gcc/Warning-Options.html#index-Wignored-qualifiers-Wignored-qualifiers]8;;[m[K]
[0.653s]    25 |    constexpr [01;35m[Kconst[m[K value_t cx(long double v) { return static_cast<value_t>(v); }
[0.653s]       |              [01;35m[K^~~~~[m[K
[0.653s] [01m[K/home/karch/ws/hunter20_ws/src/hunter_ros2/hunter_base/ascent/include/ascent/Utility.h:26:14:[m[K [01;35m[Kwarning: [m[Ktype qualifiers ignored on function return type [[01;35m[K]8;;https://gcc.gnu.org/onlinedocs/gcc/Warning-Options.html#index-Wignored-qualifiers-Wignored-qualifiers]8;;[m[K]
[0.654s]    26 |    constexpr [01;35m[Kconst[m[K value_t operator"" _v(long double v) { return static_cast<value_t>(v); }
[0.654s]       |              [01;35m[K^~~~~[m[K
[2.749s] In file included from [01m[K/home/karch/ws/hunter20_ws/src/hunter_ros2/hunter_base/ascent/include/ascent/Recorder.h:25[m[K,
[2.750s]                  from [01m[K/home/karch/ws/hunter20_ws/src/hunter_ros2/hunter_base/ascent/include/ascent/Ascent.h:17[m[K,
[2.750s]                  from [01m[K/home/karch/ws/hunter20_ws/src/hunter_ros2/hunter_base/include/hunter_base/hunter_messenger.hpp:23[m[K,
[2.750s]                  from [01m[K/home/karch/ws/hunter20_ws/src/hunter_ros2/hunter_base/src/hunter_base_ros.cpp:12[m[K:
[2.750s] [01m[K/home/karch/ws/hunter20_ws/src/hunter_ros2/hunter_base/ascent/include/ascent/containers/stack.h:54:7:[m[K [01;35m[Kwarning: [m[Ktype qualifiers ignored on function return type [[01;35m[K]8;;https://gcc.gnu.org/onlinedocs/gcc/Warning-Options.html#index-Wignored-qualifiers-Wignored-qualifiers]8;;[m[K]
[2.750s]    54 |       [01;35m[Kconst[m[K pointer operator->() const noexcept
[2.750s]       |       [01;35m[K^~~~~[m[K
[2.750s] [01m[K/home/karch/ws/hunter20_ws/src/hunter_ros2/hunter_base/ascent/include/ascent/containers/stack.h:113:7:[m[K [01;35m[Kwarning: [m[Ktype qualifiers ignored on function return type [[01;35m[K]8;;https://gcc.gnu.org/onlinedocs/gcc/Warning-Options.html#index-Wignored-qualifiers-Wignored-qualifiers]8;;[m[K]
[2.750s]   113 |       [01;35m[Kconst[m[K pointer operator->() const
[2.750s]       |       [01;35m[K^~~~~[m[K
[2.753s] In file included from [01m[K/home/karch/ws/hunter20_ws/src/hunter_ros2/hunter_base/ascent/include/ascent/integrators/RK2.h:17[m[K,
[2.753s]                  from [01m[K/home/karch/ws/hunter20_ws/src/hunter_ros2/hunter_base/ascent/include/ascent/Ascent.h:26[m[K,
[2.753s]                  from [01m[K/home/karch/ws/hunter20_ws/src/hunter_ros2/hunter_base/include/hunter_base/hunter_messenger.hpp:23[m[K,
[2.753s]                  from [01m[K/home/karch/ws/hunter20_ws/src/hunter_ros2/hunter_base/src/hunter_base_ros.cpp:12[m[K:
[2.754s] [01m[K/home/karch/ws/hunter20_ws/src/hunter_ros2/hunter_base/ascent/include/ascent/Utility.h:25:14:[m[K [01;35m[Kwarning: [m[Ktype qualifiers ignored on function return type [[01;35m[K]8;;https://gcc.gnu.org/onlinedocs/gcc/Warning-Options.html#index-Wignored-qualifiers-Wignored-qualifiers]8;;[m[K]
[2.754s]    25 |    constexpr [01;35m[Kconst[m[K value_t cx(long double v) { return static_cast<value_t>(v); }
[2.754s]       |              [01;35m[K^~~~~[m[K
[2.754s] [01m[K/home/karch/ws/hunter20_ws/src/hunter_ros2/hunter_base/ascent/include/ascent/Utility.h:26:14:[m[K [01;35m[Kwarning: [m[Ktype qualifiers ignored on function return type [[01;35m[K]8;;https://gcc.gnu.org/onlinedocs/gcc/Warning-Options.html#index-Wignored-qualifiers-Wignored-qualifiers]8;;[m[K]
[2.754s]    26 |    constexpr [01;35m[Kconst[m[K value_t operator"" _v(long double v) { return static_cast<value_t>(v); }
[2.754s]       |              [01;35m[K^~~~~[m[K
[3.085s] In file included from [01m[K/home/karch/ws/hunter20_ws/src/hunter_ros2/hunter_base/src/hunter_base_ros.cpp:12[m[K:
[3.085s] [01m[K/home/karch/ws/hunter20_ws/src/hunter_ros2/hunter_base/include/hunter_base/hunter_messenger.hpp:[m[K In member function â€˜[01m[Kvoid westonrobot::HunterMessenger<HunterType>::TwistCmdCallback(geometry_msgs::msg::Twist_<std::allocator<void> >::SharedPtr)[m[Kâ€™:
[3.085s] [01m[K/home/karch/ws/hunter20_ws/src/hunter_ros2/hunter_base/include/hunter_base/hunter_messenger.hpp:205:5:[m[K [01;31m[Kerror: [m[Kthere are no arguments to â€˜[01m[KROS_INFO[m[Kâ€™ that depend on a template parameter, so a declaration of â€˜[01m[KROS_INFO[m[Kâ€™ must be available [[01;31m[K]8;;https://gcc.gnu.org/onlinedocs/gcc/Warning-Options.html#index-fpermissive-fpermissive]8;;[m[K]
[3.085s]   205 |     [01;31m[KROS_INFO[m[K("Cmd received:%f, %f", msg->linear.x, msg->angular.z);
[3.085s]       |     [01;31m[K^~~~~~~~[m[K
[3.085s] [01m[K/home/karch/ws/hunter20_ws/src/hunter_ros2/hunter_base/include/hunter_base/hunter_messenger.hpp:205:5:[m[K [01;36m[Knote: [m[K(if you use â€˜[01m[K-fpermissive[m[Kâ€™, G++ will accept your code, but allowing the use of an undeclared name is deprecated)
[3.312s] /home/karch/ws/hunter20_ws/src/hunter_ros2/hunter_base/include/hunter_base/hunter_messenger.hpp: In instantiation of â€˜[01m[Kvoid westonrobot::HunterMessenger<HunterType>::TwistCmdCallback(geometry_msgs::msg::Twist_<std::allocator<void> >::SharedPtr) [with HunterType = westonrobot::HunterRobot; geometry_msgs::msg::Twist_<std::allocator<void> >::SharedPtr = std::shared_ptr<geometry_msgs::msg::Twist_<std::allocator<void> > >][m[Kâ€™:
[3.312s] [01m[K/home/karch/ws/hunter20_ws/src/hunter_ros2/hunter_base/include/hunter_base/hunter_messenger.hpp:90:19:[m[K   required from â€˜[01m[Kvoid westonrobot::HunterMessenger<HunterType>::SetupSubscription() [with HunterType = westonrobot::HunterRobot][m[Kâ€™
[3.312s] [01m[K/home/karch/ws/hunter20_ws/src/hunter_ros2/hunter_base/src/hunter_base_ros.cpp:131:33:[m[K   required from here
[3.312s] [01m[K/home/karch/ws/hunter20_ws/src/hunter_ros2/hunter_base/include/hunter_base/hunter_messenger.hpp:205:13:[m[K [01;31m[Kerror: [m[Kâ€˜[01m[KROS_INFO[m[Kâ€™ was not declared in this scope
[3.312s]   205 |     [01;31m[KROS_INFO("Cmd received:%f, %f", msg->linear.x, msg->angular.z)[m[K;
[3.313s]       |     [01;31m[K~~~~~~~~^~~~~~~~~~~~~~~~~~~~~~~~~~~~~~~~~~~~~~~~~~~~~~~~~~~~~~[m[K
[5.410s] gmake[2]: *** [CMakeFiles/hunter_base_node.dir/build.make:76: CMakeFiles/hunter_base_node.dir/src/hunter_base_ros.cpp.o] Error 1
[5.410s] gmake[1]: *** [CMakeFiles/Makefile2:154: CMakeFiles/hunter_base_node.dir/all] Error 2
[5.411s] gmake: *** [Makefile:166: all] Error 2
[5.416s] Invoked command in '/home/karch/ws/hunter20_ws/build/hunter_base' returned '2': CMAKE_PREFIX_PATH=/opt/ros/humble:/home/karch/ws/hunter20_ws/install/ugv_sdk:/home/karch/ws/hunter20_ws/install/hunter_msgs:/home/karch/ws/hokuyo_ws/install/urg_node:/home/karch/ws/hokuyo_ws/install/urg_node_msgs:/home/karch/ws/hokuyo_ws/install/urg_c:/home/karch/ws/hokuyo_ws/install/tfg_pkg:/home/karch/ws/hokuyo_ws/install/robot_status_publisher:/home/karch/ws/hokuyo_ws/install/keyboard_control:/home/karch/ws/hokuyo_ws/install/coppelia_ros2_pkg:/home/karch/ws/hunter20_ws/install/hunter_base:/home/karch/ws/dev_ws/install/first_pkg LD_LIBRARY_PATH=/home/karch/ws/hunter20_ws/install/hunter_msgs/lib:/home/karch/ws/hokuyo_ws/install/urg_node/lib:/home/karch/ws/hokuyo_ws/install/urg_node_msgs/lib:/home/karch/ws/hokuyo_ws/install/urg_c/lib:/home/karch/ws/hokuyo_ws/install/coppelia_ros2_pkg/lib:/opt/ros/humble/opt/rviz_ogre_vendor/lib:/opt/ros/humble/lib/x86_64-linux-gnu:/opt/ros/humble/lib /usr/bin/cmake --build /home/karch/ws/hunter20_ws/build/hunter_base -- -j16 -l16
